0 info it worked if it ends with ok
1 warn npm npm does not support Node.js v0.10.25
2 warn npm You should probably upgrade to a newer version of node as we
3 warn npm can't make any promises that npm will work with this version.
4 warn npm You can find the latest version at https://nodejs.org/
5 verbose cli [ 'node', '/usr/local/bin/npm', 'install' ]
6 info using npm@4.1.1
7 info using node@v0.10.25
8 verbose node symlink /usr/bin/node
9 silly loadCurrentTree Starting
10 silly install loadCurrentTree
11 silly install readLocalPackageData
12 silly install normalizeTree
13 silly loadCurrentTree Finishing
14 silly loadIdealTree Starting
15 silly install loadIdealTree
16 silly cloneCurrentTree Starting
17 silly install cloneCurrentTreeToIdealTree
18 silly cloneCurrentTree Finishing
19 silly loadShrinkwrap Starting
20 silly install loadShrinkwrap
21 silly loadShrinkwrap Finishing
22 silly loadAllDepsIntoIdealTree Starting
23 silly install loadAllDepsIntoIdealTree
24 silly fetchNamedPackageData ejs
25 silly mapToRegistry name ejs
26 silly mapToRegistry using default registry
27 silly mapToRegistry registry https://registry.npmjs.org/
28 silly mapToRegistry data { raw: 'ejs',
28 silly mapToRegistry   scope: null,
28 silly mapToRegistry   escapedName: 'ejs',
28 silly mapToRegistry   name: 'ejs',
28 silly mapToRegistry   rawSpec: '',
28 silly mapToRegistry   spec: 'latest',
28 silly mapToRegistry   type: 'tag' }
29 silly mapToRegistry uri https://registry.npmjs.org/ejs
30 verbose get https://registry.npmjs.org/ejs not expired, no request
31 silly pickManifestFromRegistryMetadata spec >=4.8.7 <5.0.0 tag latest versions [ '0.0.1',
31 silly pickManifestFromRegistryMetadata   '0.0.2',
31 silly pickManifestFromRegistryMetadata   '0.0.3',
31 silly pickManifestFromRegistryMetadata   '0.0.4',
31 silly pickManifestFromRegistryMetadata   '0.1.0',
31 silly pickManifestFromRegistryMetadata   '0.2.0',
31 silly pickManifestFromRegistryMetadata   '0.2.1',
31 silly pickManifestFromRegistryMetadata   '0.3.0',
31 silly pickManifestFromRegistryMetadata   '0.3.1',
31 silly pickManifestFromRegistryMetadata   '0.4.0',
31 silly pickManifestFromRegistryMetadata   '0.4.1',
31 silly pickManifestFromRegistryMetadata   '0.4.2',
31 silly pickManifestFromRegistryMetadata   '0.4.3',
31 silly pickManifestFromRegistryMetadata   '0.5.0',
31 silly pickManifestFromRegistryMetadata   '0.6.0',
31 silly pickManifestFromRegistryMetadata   '0.6.1',
31 silly pickManifestFromRegistryMetadata   '0.7.0',
31 silly pickManifestFromRegistryMetadata   '0.7.1',
31 silly pickManifestFromRegistryMetadata   '0.7.2',
31 silly pickManifestFromRegistryMetadata   '0.8.0',
31 silly pickManifestFromRegistryMetadata   '0.8.1',
31 silly pickManifestFromRegistryMetadata   '0.8.2',
31 silly pickManifestFromRegistryMetadata   '0.8.3',
31 silly pickManifestFromRegistryMetadata   '0.8.4',
31 silly pickManifestFromRegistryMetadata   '0.8.5',
31 silly pickManifestFromRegistryMetadata   '0.8.6',
31 silly pickManifestFromRegistryMetadata   '0.8.8',
31 silly pickManifestFromRegistryMetadata   '1.0.0',
31 silly pickManifestFromRegistryMetadata   '2.0.2',
31 silly pickManifestFromRegistryMetadata   '2.0.3',
31 silly pickManifestFromRegistryMetadata   '2.0.4',
31 silly pickManifestFromRegistryMetadata   '2.0.5',
31 silly pickManifestFromRegistryMetadata   '2.0.6',
31 silly pickManifestFromRegistryMetadata   '2.0.7',
31 silly pickManifestFromRegistryMetadata   '2.0.8',
31 silly pickManifestFromRegistryMetadata   '2.1.1',
31 silly pickManifestFromRegistryMetadata   '2.1.2',
31 silly pickManifestFromRegistryMetadata   '2.1.3',
31 silly pickManifestFromRegistryMetadata   '2.1.4',
31 silly pickManifestFromRegistryMetadata   '2.2.1',
31 silly pickManifestFromRegistryMetadata   '2.2.2',
31 silly pickManifestFromRegistryMetadata   '2.2.3',
31 silly pickManifestFromRegistryMetadata   '2.2.4',
31 silly pickManifestFromRegistryMetadata   '2.3.1',
31 silly pickManifestFromRegistryMetadata   '2.3.2',
31 silly pickManifestFromRegistryMetadata   '2.3.3',
31 silly pickManifestFromRegistryMetadata   '2.3.4',
31 silly pickManifestFromRegistryMetadata   '2.4.1',
31 silly pickManifestFromRegistryMetadata   '2.4.2',
31 silly pickManifestFromRegistryMetadata   '2.5.1',
31 silly pickManifestFromRegistryMetadata   '2.5.2',
31 silly pickManifestFromRegistryMetadata   '2.5.3',
31 silly pickManifestFromRegistryMetadata   '2.5.4',
31 silly pickManifestFromRegistryMetadata   '2.5.5' ]
32 silly fetchNamedPackageData No valid target from cache, forcing network
33 verbose request uri https://registry.npmjs.org/ejs
34 verbose request no auth needed
35 info attempt registry request try #1 at 16:44:42
36 verbose request id f1de68b7ff1500f4
37 http request GET https://registry.npmjs.org/ejs
38 http 200 https://registry.npmjs.org/ejs
39 verbose headers { server: 'nginx/1.10.1',
39 verbose headers   'content-type': 'application/json',
39 verbose headers   'last-modified': 'Tue, 10 Jan 2017 23:31:29 GMT',
39 verbose headers   etag: 'W/"58756ed1-1011f"',
39 verbose headers   'content-encoding': 'gzip',
39 verbose headers   'cache-control': 'max-age=300',
39 verbose headers   'content-length': '10387',
39 verbose headers   'accept-ranges': 'bytes',
39 verbose headers   date: 'Wed, 18 Jan 2017 11:14:51 GMT',
39 verbose headers   via: '1.1 varnish',
39 verbose headers   age: '17',
39 verbose headers   connection: 'keep-alive',
39 verbose headers   'x-served-by': 'cache-ams4427-AMS',
39 verbose headers   'x-cache': 'HIT',
39 verbose headers   'x-cache-hits': '1',
39 verbose headers   'x-timer': 'S1484738091.581835,VS0,VE0',
39 verbose headers   vary: 'Accept-Encoding' }
40 silly get cb [ 200,
40 silly get   { server: 'nginx/1.10.1',
40 silly get     'content-type': 'application/json',
40 silly get     'last-modified': 'Tue, 10 Jan 2017 23:31:29 GMT',
40 silly get     etag: 'W/"58756ed1-1011f"',
40 silly get     'content-encoding': 'gzip',
40 silly get     'cache-control': 'max-age=300',
40 silly get     'content-length': '10387',
40 silly get     'accept-ranges': 'bytes',
40 silly get     date: 'Wed, 18 Jan 2017 11:14:51 GMT',
40 silly get     via: '1.1 varnish',
40 silly get     age: '17',
40 silly get     connection: 'keep-alive',
40 silly get     'x-served-by': 'cache-ams4427-AMS',
40 silly get     'x-cache': 'HIT',
40 silly get     'x-cache-hits': '1',
40 silly get     'x-timer': 'S1484738091.581835,VS0,VE0',
40 silly get     vary: 'Accept-Encoding' } ]
41 verbose get saving ejs to /home/lcom48/.npm/registry.npmjs.org/ejs/.cache.json
42 verbose correctMkdir /home/lcom48/.npm correctMkdir not in flight; initializing
43 silly pickManifestFromRegistryMetadata spec >=4.8.7 <5.0.0 tag latest versions [ '0.0.1',
43 silly pickManifestFromRegistryMetadata   '0.0.2',
43 silly pickManifestFromRegistryMetadata   '0.0.3',
43 silly pickManifestFromRegistryMetadata   '0.0.4',
43 silly pickManifestFromRegistryMetadata   '0.1.0',
43 silly pickManifestFromRegistryMetadata   '0.2.0',
43 silly pickManifestFromRegistryMetadata   '0.2.1',
43 silly pickManifestFromRegistryMetadata   '0.3.0',
43 silly pickManifestFromRegistryMetadata   '0.3.1',
43 silly pickManifestFromRegistryMetadata   '0.4.0',
43 silly pickManifestFromRegistryMetadata   '0.4.1',
43 silly pickManifestFromRegistryMetadata   '0.4.2',
43 silly pickManifestFromRegistryMetadata   '0.4.3',
43 silly pickManifestFromRegistryMetadata   '0.5.0',
43 silly pickManifestFromRegistryMetadata   '0.6.0',
43 silly pickManifestFromRegistryMetadata   '0.6.1',
43 silly pickManifestFromRegistryMetadata   '0.7.0',
43 silly pickManifestFromRegistryMetadata   '0.7.1',
43 silly pickManifestFromRegistryMetadata   '0.7.2',
43 silly pickManifestFromRegistryMetadata   '0.8.0',
43 silly pickManifestFromRegistryMetadata   '0.8.1',
43 silly pickManifestFromRegistryMetadata   '0.8.2',
43 silly pickManifestFromRegistryMetadata   '0.8.3',
43 silly pickManifestFromRegistryMetadata   '0.8.4',
43 silly pickManifestFromRegistryMetadata   '0.8.5',
43 silly pickManifestFromRegistryMetadata   '0.8.6',
43 silly pickManifestFromRegistryMetadata   '0.8.8',
43 silly pickManifestFromRegistryMetadata   '1.0.0',
43 silly pickManifestFromRegistryMetadata   '2.0.2',
43 silly pickManifestFromRegistryMetadata   '2.0.3',
43 silly pickManifestFromRegistryMetadata   '2.0.4',
43 silly pickManifestFromRegistryMetadata   '2.0.5',
43 silly pickManifestFromRegistryMetadata   '2.0.6',
43 silly pickManifestFromRegistryMetadata   '2.0.7',
43 silly pickManifestFromRegistryMetadata   '2.0.8',
43 silly pickManifestFromRegistryMetadata   '2.1.1',
43 silly pickManifestFromRegistryMetadata   '2.1.2',
43 silly pickManifestFromRegistryMetadata   '2.1.3',
43 silly pickManifestFromRegistryMetadata   '2.1.4',
43 silly pickManifestFromRegistryMetadata   '2.2.1',
43 silly pickManifestFromRegistryMetadata   '2.2.2',
43 silly pickManifestFromRegistryMetadata   '2.2.3',
43 silly pickManifestFromRegistryMetadata   '2.2.4',
43 silly pickManifestFromRegistryMetadata   '2.3.1',
43 silly pickManifestFromRegistryMetadata   '2.3.2',
43 silly pickManifestFromRegistryMetadata   '2.3.3',
43 silly pickManifestFromRegistryMetadata   '2.3.4',
43 silly pickManifestFromRegistryMetadata   '2.4.1',
43 silly pickManifestFromRegistryMetadata   '2.4.2',
43 silly pickManifestFromRegistryMetadata   '2.5.1',
43 silly pickManifestFromRegistryMetadata   '2.5.2',
43 silly pickManifestFromRegistryMetadata   '2.5.3',
43 silly pickManifestFromRegistryMetadata   '2.5.4',
43 silly pickManifestFromRegistryMetadata   '2.5.5' ]
44 silly fetchPackageMetaData Error: No compatible version found: ejs@^4.8.7
44 silly fetchPackageMetaData Valid install targets:
44 silly fetchPackageMetaData 0.0.1, 0.0.2, 0.0.3, 0.0.4, 0.1.0, 0.2.0, 0.2.1, 0.3.0, 0.3.1, 0.4.0, 0.4.1, 0.4.2, 0.4.3, 0.5.0, 0.6.0, 0.6.1, 0.7.0, 0.7.1, 0.7.2, 0.8.0, 0.8.1, 0.8.2, 0.8.3, 0.8.4, 0.8.5, 0.8.6, 0.8.8, 1.0.0, 2.0.2, 2.0.3, 2.0.4, 2.0.5, 2.0.6, 2.0.7, 2.0.8, 2.1.1, 2.1.2, 2.1.3, 2.1.4, 2.2.1, 2.2.2, 2.2.3, 2.2.4, 2.3.1, 2.3.2, 2.3.3, 2.3.4, 2.4.1, 2.4.2, 2.5.1, 2.5.2, 2.5.3, 2.5.4, 2.5.5
44 silly fetchPackageMetaData
44 silly fetchPackageMetaData     at pickVersionFromRegistryDocument (/usr/local/lib/node_modules/npm/lib/fetch-package-metadata.js:158:16)
44 silly fetchPackageMetaData     at /usr/local/lib/node_modules/npm/node_modules/iferr/index.js:13:50
44 silly fetchPackageMetaData     at /usr/local/lib/node_modules/npm/lib/utils/pulse-till-done.js:20:8
44 silly fetchPackageMetaData     at saved (/usr/local/lib/node_modules/npm/lib/cache/caching-client.js:174:7)
44 silly fetchPackageMetaData     at /usr/local/lib/node_modules/npm/node_modules/graceful-fs/polyfills.js:261:18
44 silly fetchPackageMetaData     at Object.oncomplete (fs.js:107:15)
44 silly fetchPackageMetaData  error for ejs@^4.8.7 { [Error: No compatible version found: ejs@^4.8.7
44 silly fetchPackageMetaData Valid install targets:
44 silly fetchPackageMetaData 0.0.1, 0.0.2, 0.0.3, 0.0.4, 0.1.0, 0.2.0, 0.2.1, 0.3.0, 0.3.1, 0.4.0, 0.4.1, 0.4.2, 0.4.3, 0.5.0, 0.6.0, 0.6.1, 0.7.0, 0.7.1, 0.7.2, 0.8.0, 0.8.1, 0.8.2, 0.8.3, 0.8.4, 0.8.5, 0.8.6, 0.8.8, 1.0.0, 2.0.2, 2.0.3, 2.0.4, 2.0.5, 2.0.6, 2.0.7, 2.0.8, 2.1.1, 2.1.2, 2.1.3, 2.1.4, 2.2.1, 2.2.2, 2.2.3, 2.2.4, 2.3.1, 2.3.2, 2.3.3, 2.3.4, 2.4.1, 2.4.2, 2.5.1, 2.5.2, 2.5.3, 2.5.4, 2.5.5
44 silly fetchPackageMetaData ] code: 'ETARGET' }
45 silly rollbackFailedOptional Starting
46 silly rollbackFailedOptional Finishing
47 silly runTopLevelLifecycles Finishing
48 silly install printInstalled
49 verbose stack Error: No compatible version found: ejs@^4.8.7
49 verbose stack Valid install targets:
49 verbose stack 0.0.1, 0.0.2, 0.0.3, 0.0.4, 0.1.0, 0.2.0, 0.2.1, 0.3.0, 0.3.1, 0.4.0, 0.4.1, 0.4.2, 0.4.3, 0.5.0, 0.6.0, 0.6.1, 0.7.0, 0.7.1, 0.7.2, 0.8.0, 0.8.1, 0.8.2, 0.8.3, 0.8.4, 0.8.5, 0.8.6, 0.8.8, 1.0.0, 2.0.2, 2.0.3, 2.0.4, 2.0.5, 2.0.6, 2.0.7, 2.0.8, 2.1.1, 2.1.2, 2.1.3, 2.1.4, 2.2.1, 2.2.2, 2.2.3, 2.2.4, 2.3.1, 2.3.2, 2.3.3, 2.3.4, 2.4.1, 2.4.2, 2.5.1, 2.5.2, 2.5.3, 2.5.4, 2.5.5
49 verbose stack
49 verbose stack     at pickVersionFromRegistryDocument (/usr/local/lib/node_modules/npm/lib/fetch-package-metadata.js:158:16)
49 verbose stack     at /usr/local/lib/node_modules/npm/node_modules/iferr/index.js:13:50
49 verbose stack     at /usr/local/lib/node_modules/npm/lib/utils/pulse-till-done.js:20:8
49 verbose stack     at saved (/usr/local/lib/node_modules/npm/lib/cache/caching-client.js:174:7)
49 verbose stack     at /usr/local/lib/node_modules/npm/node_modules/graceful-fs/polyfills.js:261:18
49 verbose stack     at Object.oncomplete (fs.js:107:15)
50 verbose cwd /home/lcom48/Desktop/RESTAPI
51 error Linux 3.13.0-74-generic
52 error argv "node" "/usr/local/bin/npm" "install"
53 error node v0.10.25
54 error npm  v4.1.1
55 error code ETARGET
56 error notarget No compatible version found: ejs@^4.8.7
56 error notarget Valid install targets:
56 error notarget 0.0.1, 0.0.2, 0.0.3, 0.0.4, 0.1.0, 0.2.0, 0.2.1, 0.3.0, 0.3.1, 0.4.0, 0.4.1, 0.4.2, 0.4.3, 0.5.0, 0.6.0, 0.6.1, 0.7.0, 0.7.1, 0.7.2, 0.8.0, 0.8.1, 0.8.2, 0.8.3, 0.8.4, 0.8.5, 0.8.6, 0.8.8, 1.0.0, 2.0.2, 2.0.3, 2.0.4, 2.0.5, 2.0.6, 2.0.7, 2.0.8, 2.1.1, 2.1.2, 2.1.3, 2.1.4, 2.2.1, 2.2.2, 2.2.3, 2.2.4, 2.3.1, 2.3.2, 2.3.3, 2.3.4, 2.4.1, 2.4.2, 2.5.1, 2.5.2, 2.5.3, 2.5.4, 2.5.5
57 error notarget This is most likely not a problem with npm itself.
57 error notarget In most cases you or one of your dependencies are requesting
57 error notarget a package version that doesn't exist.
57 error notarget
57 error notarget It was specified as a dependency of 'rest'
58 verbose exit [ 1, true ]
